ERROR - 2024-10-30 03:13:43 --> Error connecting to the database: mysqli_sql_exception: Access denied for user 'root'@'localhost' (using password: YES) in C:\xampp\Workshops_ISW613\week7\system\Database\MySQLi\Connection.php:186
Stack trace:
#0 C:\xampp\Workshops_ISW613\week7\system\Database\MySQLi\Connection.php(186): mysqli->real_connect('localhost', 'root', Object(SensitiveParameterValue), 'isw613', 3306, '', 0)
#1 C:\xampp\Workshops_ISW613\week7\system\Database\BaseConnection.php(421): CodeIgniter\Database\MySQLi\Connection->connect(false)
#2 C:\xampp\Workshops_ISW613\week7\system\Database\BaseConnection.php(616): CodeIgniter\Database\BaseConnection->initialize()
#3 C:\xampp\Workshops_ISW613\week7\app\Controllers\User.php(16): CodeIgniter\Database\BaseConnection->query('SELECT id, name...')
#4 C:\xampp\Workshops_ISW613\week7\system\CodeIgniter.php(933): App\Controllers\User->signup()
#5 C:\xampp\Workshops_ISW613\week7\system\CodeIgniter.php(509): CodeIgniter\CodeIgniter->runController(Object(App\Controllers\User))
#6 C:\xampp\Workshops_ISW613\week7\system\CodeIgniter.php(355): CodeIgniter\CodeIgniter->handleRequest(NULL, Object(Config\Cache), false)
#7 C:\xampp\Workshops_ISW613\week7\system\Boot.php(325): CodeIgniter\CodeIgniter->run()
#8 C:\xampp\Workshops_ISW613\week7\system\Boot.php(67): CodeIgniter\Boot::runCodeIgniter(Object(CodeIgniter\CodeIgniter))
#9 C:\xampp\Workshops_ISW613\week7\public\index.php(56): CodeIgniter\Boot::bootWeb(Object(Config\Paths))
#10 {main}

Next CodeIgniter\Database\Exceptions\DatabaseException: Access denied for user '****'@'localhost' (using password: YES) in C:\xampp\Workshops_ISW613\week7\system\Database\MySQLi\Connection.php:231
Stack trace:
#0 C:\xampp\Workshops_ISW613\week7\system\Database\BaseConnection.php(421): CodeIgniter\Database\MySQLi\Connection->connect(false)
#1 C:\xampp\Workshops_ISW613\week7\system\Database\BaseConnection.php(616): CodeIgniter\Database\BaseConnection->initialize()
#2 C:\xampp\Workshops_ISW613\week7\app\Controllers\User.php(16): CodeIgniter\Database\BaseConnection->query('SELECT id, name...')
#3 C:\xampp\Workshops_ISW613\week7\system\CodeIgniter.php(933): App\Controllers\User->signup()
#4 C:\xampp\Workshops_ISW613\week7\system\CodeIgniter.php(509): CodeIgniter\CodeIgniter->runController(Object(App\Controllers\User))
#5 C:\xampp\Workshops_ISW613\week7\system\CodeIgniter.php(355): CodeIgniter\CodeIgniter->handleRequest(NULL, Object(Config\Cache), false)
#6 C:\xampp\Workshops_ISW613\week7\system\Boot.php(325): CodeIgniter\CodeIgniter->run()
#7 C:\xampp\Workshops_ISW613\week7\system\Boot.php(67): CodeIgniter\Boot::runCodeIgniter(Object(CodeIgniter\CodeIgniter))
#8 C:\xampp\Workshops_ISW613\week7\public\index.php(56): CodeIgniter\Boot::bootWeb(Object(Config\Paths))
#9 {main}
CRITICAL - 2024-10-30 03:13:43 --> CodeIgniter\Database\Exceptions\DatabaseException: Unable to connect to the database.
Main connection [MySQLi]: Access denied for user '****'@'localhost' (using password: YES)
[Method: GET, Route: signup]
in SYSTEMPATH\Database\BaseConnection.php on line 467.
 1 SYSTEMPATH\Database\BaseConnection.php(616): CodeIgniter\Database\BaseConnection->initialize()
 2 APPPATH\Controllers\User.php(16): CodeIgniter\Database\BaseConnection->query('SELECT id, name FROM provinces')
 3 SYSTEMPATH\CodeIgniter.php(933): App\Controllers\User->signup()
 4 SYSTEMPATH\CodeIgniter.php(509): CodeIgniter\CodeIgniter->runController(Object(App\Controllers\User))
 5 SYSTEMPATH\CodeIgniter.php(355): CodeIgniter\CodeIgniter->handleRequest(null, Object(Config\Cache), false)
 6 SYSTEMPATH\Boot.php(325): CodeIgniter\CodeIgniter->run()
 7 SYSTEMPATH\Boot.php(67): CodeIgniter\Boot::runCodeIgniter(Object(CodeIgniter\CodeIgniter))
 8 FCPATH\index.php(56): CodeIgniter\Boot::bootWeb(Object(Config\Paths))
