CRITICAL - 2024-10-29 03:17:48 --> ErrorException: Undefined variable $user
[Method: GET, Route: user/signup]
in APPPATH/Views/shared/header.php on line 30.
 1 APPPATH/Views/shared/header.php(30): CodeIgniter\Debug\Exceptions->errorHandler(2, 'Undefined variable $user', '/Users/owner/dev/utn/isw613/week7/app/Views/shared/header.php', 30)
 2 SYSTEMPATH/View/View.php(234): include('/Users/owner/dev/utn/isw613/week7/app/Views/shared/header.php')
 3 SYSTEMPATH/View/View.php(237): CodeIgniter\View\View->CodeIgniter\View\{closure}()
 4 SYSTEMPATH/Common.php(1171): CodeIgniter\View\View->render('shared/header', [], true)
 5 APPPATH/Controllers/User.php(9): view('shared/header')
 6 SYSTEMPATH/CodeIgniter.php(933): App\Controllers\User->signup()
 7 SYSTEMPATH/CodeIgniter.php(509): CodeIgniter\CodeIgniter->runController(Object(App\Controllers\User))
 8 SYSTEMPATH/CodeIgniter.php(355): CodeIgniter\CodeIgniter->handleRequest(null, Object(Config\Cache), false)
 9 SYSTEMPATH/Boot.php(325): CodeIgniter\CodeIgniter->run()
10 SYSTEMPATH/Boot.php(67): CodeIgniter\Boot::runCodeIgniter(Object(CodeIgniter\CodeIgniter))
11 FCPATH/index.php(56): CodeIgniter\Boot::bootWeb(Object(Config\Paths))
CRITICAL - 2024-10-29 03:18:57 --> ErrorException: Undefined variable $user
[Method: GET, Route: user/signup]
in APPPATH/Views/shared/header.php on line 30.
 1 APPPATH/Views/shared/header.php(30): CodeIgniter\Debug\Exceptions->errorHandler(2, 'Undefined variable $user', '/Users/owner/dev/utn/isw613/week7/app/Views/shared/header.php', 30)
 2 SYSTEMPATH/View/View.php(234): include('/Users/owner/dev/utn/isw613/week7/app/Views/shared/header.php')
 3 SYSTEMPATH/View/View.php(237): CodeIgniter\View\View->CodeIgniter\View\{closure}()
 4 SYSTEMPATH/Common.php(1171): CodeIgniter\View\View->render('shared/header', [], true)
 5 APPPATH/Controllers/User.php(9): view('shared/header')
 6 SYSTEMPATH/CodeIgniter.php(933): App\Controllers\User->signup()
 7 SYSTEMPATH/CodeIgniter.php(509): CodeIgniter\CodeIgniter->runController(Object(App\Controllers\User))
 8 SYSTEMPATH/CodeIgniter.php(355): CodeIgniter\CodeIgniter->handleRequest(null, Object(Config\Cache), false)
 9 SYSTEMPATH/Boot.php(325): CodeIgniter\CodeIgniter->run()
10 SYSTEMPATH/Boot.php(67): CodeIgniter\Boot::runCodeIgniter(Object(CodeIgniter\CodeIgniter))
11 FCPATH/index.php(56): CodeIgniter\Boot::bootWeb(Object(Config\Paths))
CRITICAL - 2024-10-29 03:19:20 --> ErrorException: Undefined variable $user
[Method: GET, Route: user/signup]
in APPPATH/Views/shared/header.php on line 30.
 1 APPPATH/Views/shared/header.php(30): CodeIgniter\Debug\Exceptions->errorHandler(2, 'Undefined variable $user', '/Users/owner/dev/utn/isw613/week7/app/Views/shared/header.php', 30)
 2 SYSTEMPATH/View/View.php(234): include('/Users/owner/dev/utn/isw613/week7/app/Views/shared/header.php')
 3 SYSTEMPATH/View/View.php(237): CodeIgniter\View\View->CodeIgniter\View\{closure}()
 4 SYSTEMPATH/Common.php(1171): CodeIgniter\View\View->render('shared/header', [], true)
 5 APPPATH/Controllers/User.php(9): view('shared/header')
 6 SYSTEMPATH/CodeIgniter.php(933): App\Controllers\User->signup()
 7 SYSTEMPATH/CodeIgniter.php(509): CodeIgniter\CodeIgniter->runController(Object(App\Controllers\User))
 8 SYSTEMPATH/CodeIgniter.php(355): CodeIgniter\CodeIgniter->handleRequest(null, Object(Config\Cache), false)
 9 SYSTEMPATH/Boot.php(325): CodeIgniter\CodeIgniter->run()
10 SYSTEMPATH/Boot.php(67): CodeIgniter\Boot::runCodeIgniter(Object(CodeIgniter\CodeIgniter))
11 FCPATH/index.php(56): CodeIgniter\Boot::bootWeb(Object(Config\Paths))
CRITICAL - 2024-10-29 03:19:46 --> ErrorException: Undefined variable $error_msg
[Method: GET, Route: user/signup]
in APPPATH/Views/user/signup.php on line 9.
 1 APPPATH/Views/user/signup.php(9): CodeIgniter\Debug\Exceptions->errorHandler(2, 'Undefined variable $error_msg', '/Users/owner/dev/utn/isw613/week7/app/Views/user/signup.php', 9)
 2 SYSTEMPATH/View/View.php(234): include('/Users/owner/dev/utn/isw613/week7/app/Views/user/signup.php')
 3 SYSTEMPATH/View/View.php(237): CodeIgniter\View\View->CodeIgniter\View\{closure}()
 4 SYSTEMPATH/Common.php(1171): CodeIgniter\View\View->render('user/signup', [], true)
 5 APPPATH/Controllers/User.php(9): view('user/signup')
 6 SYSTEMPATH/CodeIgniter.php(933): App\Controllers\User->signup()
 7 SYSTEMPATH/CodeIgniter.php(509): CodeIgniter\CodeIgniter->runController(Object(App\Controllers\User))
 8 SYSTEMPATH/CodeIgniter.php(355): CodeIgniter\CodeIgniter->handleRequest(null, Object(Config\Cache), false)
 9 SYSTEMPATH/Boot.php(325): CodeIgniter\CodeIgniter->run()
10 SYSTEMPATH/Boot.php(67): CodeIgniter\Boot::runCodeIgniter(Object(CodeIgniter\CodeIgniter))
11 FCPATH/index.php(56): CodeIgniter\Boot::bootWeb(Object(Config\Paths))
CRITICAL - 2024-10-29 03:20:24 --> ErrorException: Undefined variable $error_msg
[Method: GET, Route: user/signup]
in APPPATH/Views/user/signup.php on line 9.
 1 APPPATH/Views/user/signup.php(9): CodeIgniter\Debug\Exceptions->errorHandler(2, 'Undefined variable $error_msg', '/Users/owner/dev/utn/isw613/week7/app/Views/user/signup.php', 9)
 2 SYSTEMPATH/View/View.php(234): include('/Users/owner/dev/utn/isw613/week7/app/Views/user/signup.php')
 3 SYSTEMPATH/View/View.php(237): CodeIgniter\View\View->CodeIgniter\View\{closure}()
 4 SYSTEMPATH/Common.php(1171): CodeIgniter\View\View->render('user/signup', [], true)
 5 APPPATH/Controllers/User.php(9): view('user/signup')
 6 SYSTEMPATH/CodeIgniter.php(933): App\Controllers\User->signup()
 7 SYSTEMPATH/CodeIgniter.php(509): CodeIgniter\CodeIgniter->runController(Object(App\Controllers\User))
 8 SYSTEMPATH/CodeIgniter.php(355): CodeIgniter\CodeIgniter->handleRequest(null, Object(Config\Cache), false)
 9 SYSTEMPATH/Boot.php(325): CodeIgniter\CodeIgniter->run()
10 SYSTEMPATH/Boot.php(67): CodeIgniter\Boot::runCodeIgniter(Object(CodeIgniter\CodeIgniter))
11 FCPATH/index.php(56): CodeIgniter\Boot::bootWeb(Object(Config\Paths))
CRITICAL - 2024-10-29 03:20:43 --> ErrorException: Undefined variable $error_msg
[Method: GET, Route: user/signup]
in APPPATH/Views/user/signup.php on line 9.
 1 APPPATH/Views/user/signup.php(9): CodeIgniter\Debug\Exceptions->errorHandler(2, 'Undefined variable $error_msg', '/Users/owner/dev/utn/isw613/week7/app/Views/user/signup.php', 9)
 2 SYSTEMPATH/View/View.php(234): include('/Users/owner/dev/utn/isw613/week7/app/Views/user/signup.php')
 3 SYSTEMPATH/View/View.php(237): CodeIgniter\View\View->CodeIgniter\View\{closure}()
 4 SYSTEMPATH/Common.php(1171): CodeIgniter\View\View->render('user/signup', [], true)
 5 APPPATH/Controllers/User.php(9): view('user/signup')
 6 SYSTEMPATH/CodeIgniter.php(933): App\Controllers\User->signup()
 7 SYSTEMPATH/CodeIgniter.php(509): CodeIgniter\CodeIgniter->runController(Object(App\Controllers\User))
 8 SYSTEMPATH/CodeIgniter.php(355): CodeIgniter\CodeIgniter->handleRequest(null, Object(Config\Cache), false)
 9 SYSTEMPATH/Boot.php(325): CodeIgniter\CodeIgniter->run()
10 SYSTEMPATH/Boot.php(67): CodeIgniter\Boot::runCodeIgniter(Object(CodeIgniter\CodeIgniter))
11 FCPATH/index.php(56): CodeIgniter\Boot::bootWeb(Object(Config\Paths))
CRITICAL - 2024-10-29 03:20:44 --> ErrorException: Undefined variable $error_msg
[Method: GET, Route: user/signup]
in APPPATH/Views/user/signup.php on line 9.
 1 APPPATH/Views/user/signup.php(9): CodeIgniter\Debug\Exceptions->errorHandler(2, 'Undefined variable $error_msg', '/Users/owner/dev/utn/isw613/week7/app/Views/user/signup.php', 9)
 2 SYSTEMPATH/View/View.php(234): include('/Users/owner/dev/utn/isw613/week7/app/Views/user/signup.php')
 3 SYSTEMPATH/View/View.php(237): CodeIgniter\View\View->CodeIgniter\View\{closure}()
 4 SYSTEMPATH/Common.php(1171): CodeIgniter\View\View->render('user/signup', [], true)
 5 APPPATH/Controllers/User.php(9): view('user/signup')
 6 SYSTEMPATH/CodeIgniter.php(933): App\Controllers\User->signup()
 7 SYSTEMPATH/CodeIgniter.php(509): CodeIgniter\CodeIgniter->runController(Object(App\Controllers\User))
 8 SYSTEMPATH/CodeIgniter.php(355): CodeIgniter\CodeIgniter->handleRequest(null, Object(Config\Cache), false)
 9 SYSTEMPATH/Boot.php(325): CodeIgniter\CodeIgniter->run()
10 SYSTEMPATH/Boot.php(67): CodeIgniter\Boot::runCodeIgniter(Object(CodeIgniter\CodeIgniter))
11 FCPATH/index.php(56): CodeIgniter\Boot::bootWeb(Object(Config\Paths))
CRITICAL - 2024-10-29 03:21:40 --> ErrorException: Undefined variable $user
[Method: GET, Route: user/signup]
in APPPATH/Views/shared/header.php on line 30.
 1 APPPATH/Views/shared/header.php(30): CodeIgniter\Debug\Exceptions->errorHandler(2, 'Undefined variable $user', '/Users/owner/dev/utn/isw613/week7/app/Views/shared/header.php', 30)
 2 SYSTEMPATH/View/View.php(234): include('/Users/owner/dev/utn/isw613/week7/app/Views/shared/header.php')
 3 SYSTEMPATH/View/View.php(237): CodeIgniter\View\View->CodeIgniter\View\{closure}()
 4 SYSTEMPATH/Common.php(1171): CodeIgniter\View\View->render('shared/header', [], true)
 5 APPPATH/Controllers/User.php(9): view('shared/header')
 6 SYSTEMPATH/CodeIgniter.php(933): App\Controllers\User->signup()
 7 SYSTEMPATH/CodeIgniter.php(509): CodeIgniter\CodeIgniter->runController(Object(App\Controllers\User))
 8 SYSTEMPATH/CodeIgniter.php(355): CodeIgniter\CodeIgniter->handleRequest(null, Object(Config\Cache), false)
 9 SYSTEMPATH/Boot.php(325): CodeIgniter\CodeIgniter->run()
10 SYSTEMPATH/Boot.php(67): CodeIgniter\Boot::runCodeIgniter(Object(CodeIgniter\CodeIgniter))
11 FCPATH/index.php(56): CodeIgniter\Boot::bootWeb(Object(Config\Paths))
CRITICAL - 2024-10-29 03:23:29 --> ErrorException: Undefined variable $user
[Method: GET, Route: user/signup]
in APPPATH/Views/shared/header.php on line 30.
 1 APPPATH/Views/shared/header.php(30): CodeIgniter\Debug\Exceptions->errorHandler(2, 'Undefined variable $user', '/Users/owner/dev/utn/isw613/week7/app/Views/shared/header.php', 30)
 2 SYSTEMPATH/View/View.php(234): include('/Users/owner/dev/utn/isw613/week7/app/Views/shared/header.php')
 3 SYSTEMPATH/View/View.php(237): CodeIgniter\View\View->CodeIgniter\View\{closure}()
 4 SYSTEMPATH/Common.php(1171): CodeIgniter\View\View->render('shared/header', [], true)
 5 APPPATH/Controllers/User.php(11): view('shared/header')
 6 SYSTEMPATH/CodeIgniter.php(933): App\Controllers\User->signup()
 7 SYSTEMPATH/CodeIgniter.php(509): CodeIgniter\CodeIgniter->runController(Object(App\Controllers\User))
 8 SYSTEMPATH/CodeIgniter.php(355): CodeIgniter\CodeIgniter->handleRequest(null, Object(Config\Cache), false)
 9 SYSTEMPATH/Boot.php(325): CodeIgniter\CodeIgniter->run()
10 SYSTEMPATH/Boot.php(67): CodeIgniter\Boot::runCodeIgniter(Object(CodeIgniter\CodeIgniter))
11 FCPATH/index.php(56): CodeIgniter\Boot::bootWeb(Object(Config\Paths))
CRITICAL - 2024-10-29 03:23:56 --> ErrorException: Undefined array key "profile_picture"
[Method: GET, Route: user/signup]
in APPPATH/Views/shared/header.php on line 30.
 1 APPPATH/Views/shared/header.php(30): CodeIgniter\Debug\Exceptions->errorHandler(2, 'Undefined array key "profile_picture"', '/Users/owner/dev/utn/isw613/week7/app/Views/shared/header.php', 30)
 2 SYSTEMPATH/View/View.php(234): include('/Users/owner/dev/utn/isw613/week7/app/Views/shared/header.php')
 3 SYSTEMPATH/View/View.php(237): CodeIgniter\View\View->CodeIgniter\View\{closure}()
 4 SYSTEMPATH/Common.php(1171): CodeIgniter\View\View->render('shared/header', [], true)
 5 APPPATH/Controllers/User.php(11): view('shared/header', [...])
 6 SYSTEMPATH/CodeIgniter.php(933): App\Controllers\User->signup()
 7 SYSTEMPATH/CodeIgniter.php(509): CodeIgniter\CodeIgniter->runController(Object(App\Controllers\User))
 8 SYSTEMPATH/CodeIgniter.php(355): CodeIgniter\CodeIgniter->handleRequest(null, Object(Config\Cache), false)
 9 SYSTEMPATH/Boot.php(325): CodeIgniter\CodeIgniter->run()
10 SYSTEMPATH/Boot.php(67): CodeIgniter\Boot::runCodeIgniter(Object(CodeIgniter\CodeIgniter))
11 FCPATH/index.php(56): CodeIgniter\Boot::bootWeb(Object(Config\Paths))
CRITICAL - 2024-10-29 03:27:40 --> ErrorException: Undefined array key "name"
[Method: GET, Route: user/signup]
in APPPATH/Views/shared/header.php on line 30.
 1 APPPATH/Views/shared/header.php(30): CodeIgniter\Debug\Exceptions->errorHandler(2, 'Undefined array key "name"', '/Users/owner/dev/utn/isw613/week7/app/Views/shared/header.php', 30)
 2 SYSTEMPATH/View/View.php(234): include('/Users/owner/dev/utn/isw613/week7/app/Views/shared/header.php')
 3 SYSTEMPATH/View/View.php(237): CodeIgniter\View\View->CodeIgniter\View\{closure}()
 4 SYSTEMPATH/Common.php(1171): CodeIgniter\View\View->render('shared/header', [], true)
 5 APPPATH/Controllers/User.php(11): view('shared/header', [...])
 6 SYSTEMPATH/CodeIgniter.php(933): App\Controllers\User->signup()
 7 SYSTEMPATH/CodeIgniter.php(509): CodeIgniter\CodeIgniter->runController(Object(App\Controllers\User))
 8 SYSTEMPATH/CodeIgniter.php(355): CodeIgniter\CodeIgniter->handleRequest(null, Object(Config\Cache), false)
 9 SYSTEMPATH/Boot.php(325): CodeIgniter\CodeIgniter->run()
10 SYSTEMPATH/Boot.php(67): CodeIgniter\Boot::runCodeIgniter(Object(CodeIgniter\CodeIgniter))
11 FCPATH/index.php(56): CodeIgniter\Boot::bootWeb(Object(Config\Paths))
CRITICAL - 2024-10-29 03:28:05 --> ErrorException: Undefined array key "user"
[Method: GET, Route: user/signup]
in APPPATH/Controllers/User.php on line 10.
 1 APPPATH/Controllers/User.php(10): CodeIgniter\Debug\Exceptions->errorHandler(2, 'Undefined array key "user"', '/Users/owner/dev/utn/isw613/week7/app/Controllers/User.php', 10)
 2 SYSTEMPATH/CodeIgniter.php(933): App\Controllers\User->signup()
 3 SYSTEMPATH/CodeIgniter.php(509): CodeIgniter\CodeIgniter->runController(Object(App\Controllers\User))
 4 SYSTEMPATH/CodeIgniter.php(355): CodeIgniter\CodeIgniter->handleRequest(null, Object(Config\Cache), false)
 5 SYSTEMPATH/Boot.php(325): CodeIgniter\CodeIgniter->run()
 6 SYSTEMPATH/Boot.php(67): CodeIgniter\Boot::runCodeIgniter(Object(CodeIgniter\CodeIgniter))
 7 FCPATH/index.php(56): CodeIgniter\Boot::bootWeb(Object(Config\Paths))
CRITICAL - 2024-10-29 03:28:56 --> ErrorException: Undefined variable $error_msg
[Method: GET, Route: user/signup]
in APPPATH/Views/user/signup.php on line 9.
 1 APPPATH/Views/user/signup.php(9): CodeIgniter\Debug\Exceptions->errorHandler(2, 'Undefined variable $error_msg', '/Users/owner/dev/utn/isw613/week7/app/Views/user/signup.php', 9)
 2 SYSTEMPATH/View/View.php(234): include('/Users/owner/dev/utn/isw613/week7/app/Views/user/signup.php')
 3 SYSTEMPATH/View/View.php(237): CodeIgniter\View\View->CodeIgniter\View\{closure}()
 4 SYSTEMPATH/Common.php(1171): CodeIgniter\View\View->render('user/signup', [], true)
 5 APPPATH/Controllers/User.php(11): view('user/signup')
 6 SYSTEMPATH/CodeIgniter.php(933): App\Controllers\User->signup()
 7 SYSTEMPATH/CodeIgniter.php(509): CodeIgniter\CodeIgniter->runController(Object(App\Controllers\User))
 8 SYSTEMPATH/CodeIgniter.php(355): CodeIgniter\CodeIgniter->handleRequest(null, Object(Config\Cache), false)
 9 SYSTEMPATH/Boot.php(325): CodeIgniter\CodeIgniter->run()
10 SYSTEMPATH/Boot.php(67): CodeIgniter\Boot::runCodeIgniter(Object(CodeIgniter\CodeIgniter))
11 FCPATH/index.php(56): CodeIgniter\Boot::bootWeb(Object(Config\Paths))
CRITICAL - 2024-10-29 03:29:18 --> ErrorException: Undefined variable $provinces
[Method: GET, Route: user/signup]
in APPPATH/Views/user/signup.php on line 23.
 1 APPPATH/Views/user/signup.php(23): CodeIgniter\Debug\Exceptions->errorHandler(2, 'Undefined variable $provinces', '/Users/owner/dev/utn/isw613/week7/app/Views/user/signup.php', 23)
 2 SYSTEMPATH/View/View.php(234): include('/Users/owner/dev/utn/isw613/week7/app/Views/user/signup.php')
 3 SYSTEMPATH/View/View.php(237): CodeIgniter\View\View->CodeIgniter\View\{closure}()
 4 SYSTEMPATH/Common.php(1171): CodeIgniter\View\View->render('user/signup', [], true)
 5 APPPATH/Controllers/User.php(11): view('user/signup')
 6 SYSTEMPATH/CodeIgniter.php(933): App\Controllers\User->signup()
 7 SYSTEMPATH/CodeIgniter.php(509): CodeIgniter\CodeIgniter->runController(Object(App\Controllers\User))
 8 SYSTEMPATH/CodeIgniter.php(355): CodeIgniter\CodeIgniter->handleRequest(null, Object(Config\Cache), false)
 9 SYSTEMPATH/Boot.php(325): CodeIgniter\CodeIgniter->run()
10 SYSTEMPATH/Boot.php(67): CodeIgniter\Boot::runCodeIgniter(Object(CodeIgniter\CodeIgniter))
11 FCPATH/index.php(56): CodeIgniter\Boot::bootWeb(Object(Config\Paths))
CRITICAL - 2024-10-29 03:30:07 --> ErrorException: ini_set(): Session ini settings cannot be changed when a session is active
[Method: GET, Route: user/signup]
in SYSTEMPATH/Session/Handlers/FileHandler.php on line 74.
 1 [internal function]: CodeIgniter\Debug\Exceptions->errorHandler(2, 'ini_set(): Session ini settings cannot be changed when a session is active', '/Users/owner/dev/utn/isw613/week7/system/Session/Handlers/FileHandler.php', 74)
 2 SYSTEMPATH/Session/Handlers/FileHandler.php(74): ini_set('session.save_path', '/Users/owner/dev/utn/isw613/week7/writable/session')
 3 SYSTEMPATH/Config/Services.php(697): CodeIgniter\Session\Handlers\FileHandler->__construct(Object(Config\Session), '::1')
 4 SYSTEMPATH/Config/BaseService.php(312): CodeIgniter\Config\Services::session(Object(Config\Session), false)
 5 SYSTEMPATH/Config/BaseService.php(251): CodeIgniter\Config\BaseService::__callStatic('session', [...])
 6 SYSTEMPATH/Config/Services.php(668): CodeIgniter\Config\BaseService::getSharedInstance('session', null)
 7 SYSTEMPATH/Config/BaseService.php(321): CodeIgniter\Config\Services::session()
 8 SYSTEMPATH/Config/BaseService.php(202): CodeIgniter\Config\BaseService::__callStatic('session', [])
 9 SYSTEMPATH/Common.php(998): CodeIgniter\Config\BaseService::get('session')
10 SYSTEMPATH/Common.php(971): service('session')
11 SYSTEMPATH/CodeIgniter.php(1062): session()
12 SYSTEMPATH/CodeIgniter.php(542): CodeIgniter\CodeIgniter->storePreviousURL(Object(CodeIgniter\HTTP\SiteURI))
13 SYSTEMPATH/CodeIgniter.php(355): CodeIgniter\CodeIgniter->handleRequest(null, Object(Config\Cache), false)
14 SYSTEMPATH/Boot.php(325): CodeIgniter\CodeIgniter->run()
15 SYSTEMPATH/Boot.php(67): CodeIgniter\Boot::runCodeIgniter(Object(CodeIgniter\CodeIgniter))
16 FCPATH/index.php(56): CodeIgniter\Boot::bootWeb(Object(Config\Paths))
CRITICAL - 2024-10-29 03:53:46 --> Error: Object of class stdClass could not be converted to string
[Method: GET, Route: user/signup]
in APPPATH/Views/user/signup.php on line 24.
 1 SYSTEMPATH/View/View.php(234): include()
 2 SYSTEMPATH/View/View.php(237): CodeIgniter\View\View->CodeIgniter\View\{closure}()
 3 SYSTEMPATH/Common.php(1171): CodeIgniter\View\View->render('user/signup', [], true)
 4 APPPATH/Controllers/User.php(19): view('user/signup', [...])
 5 SYSTEMPATH/CodeIgniter.php(933): App\Controllers\User->signup()
 6 SYSTEMPATH/CodeIgniter.php(509): CodeIgniter\CodeIgniter->runController(Object(App\Controllers\User))
 7 SYSTEMPATH/CodeIgniter.php(355): CodeIgniter\CodeIgniter->handleRequest(null, Object(Config\Cache), false)
 8 SYSTEMPATH/Boot.php(325): CodeIgniter\CodeIgniter->run()
 9 SYSTEMPATH/Boot.php(67): CodeIgniter\Boot::runCodeIgniter(Object(CodeIgniter\CodeIgniter))
10 FCPATH/index.php(56): CodeIgniter\Boot::bootWeb(Object(Config\Paths))
CRITICAL - 2024-10-29 14:52:56 --> ErrorException: Trying to access array offset on null
[Method: GET, Route: signup]
in APPPATH/Views/shared/header.php on line 30.
 1 APPPATH/Views/shared/header.php(30): CodeIgniter\Debug\Exceptions->errorHandler(2, 'Trying to access array offset on null', '/Users/owner/dev/utn/isw613/week7/app/Views/shared/header.php', 30)
 2 SYSTEMPATH/View/View.php(234): include('/Users/owner/dev/utn/isw613/week7/app/Views/shared/header.php')
 3 SYSTEMPATH/View/View.php(237): CodeIgniter\View\View->CodeIgniter\View\{closure}()
 4 SYSTEMPATH/Common.php(1171): CodeIgniter\View\View->render('shared/header', [], true)
 5 APPPATH/Controllers/User.php(15): view('shared/header', [...])
 6 SYSTEMPATH/CodeIgniter.php(933): App\Controllers\User->signup()
 7 SYSTEMPATH/CodeIgniter.php(509): CodeIgniter\CodeIgniter->runController(Object(App\Controllers\User))
 8 SYSTEMPATH/CodeIgniter.php(355): CodeIgniter\CodeIgniter->handleRequest(null, Object(Config\Cache), false)
 9 SYSTEMPATH/Boot.php(325): CodeIgniter\CodeIgniter->run()
10 SYSTEMPATH/Boot.php(67): CodeIgniter\Boot::runCodeIgniter(Object(CodeIgniter\CodeIgniter))
11 FCPATH/index.php(56): CodeIgniter\Boot::bootWeb(Object(Config\Paths))
CRITICAL - 2024-10-29 14:57:02 --> ErrorException: ini_set(): Session ini settings cannot be changed when a session is active
[Method: GET, Route: signup]
in SYSTEMPATH/Session/Handlers/FileHandler.php on line 74.
 1 [internal function]: CodeIgniter\Debug\Exceptions->errorHandler(2, 'ini_set(): Session ini settings cannot be changed when a session is active', '/Users/owner/dev/utn/isw613/week7/system/Session/Handlers/FileHandler.php', 74)
 2 SYSTEMPATH/Session/Handlers/FileHandler.php(74): ini_set('session.save_path', '/Users/owner/dev/utn/isw613/week7/writable/session')
 3 SYSTEMPATH/Config/Services.php(697): CodeIgniter\Session\Handlers\FileHandler->__construct(Object(Config\Session), '::1')
 4 SYSTEMPATH/Config/BaseService.php(312): CodeIgniter\Config\Services::session(Object(Config\Session), false)
 5 SYSTEMPATH/Config/BaseService.php(251): CodeIgniter\Config\BaseService::__callStatic('session', [...])
 6 SYSTEMPATH/Config/Services.php(668): CodeIgniter\Config\BaseService::getSharedInstance('session', null)
 7 SYSTEMPATH/Config/BaseService.php(321): CodeIgniter\Config\Services::session()
 8 SYSTEMPATH/Config/BaseService.php(202): CodeIgniter\Config\BaseService::__callStatic('session', [])
 9 SYSTEMPATH/Common.php(998): CodeIgniter\Config\BaseService::get('session')
10 SYSTEMPATH/Common.php(971): service('session')
11 SYSTEMPATH/CodeIgniter.php(1062): session()
12 SYSTEMPATH/CodeIgniter.php(542): CodeIgniter\CodeIgniter->storePreviousURL(Object(CodeIgniter\HTTP\SiteURI))
13 SYSTEMPATH/CodeIgniter.php(355): CodeIgniter\CodeIgniter->handleRequest(null, Object(Config\Cache), false)
14 SYSTEMPATH/Boot.php(325): CodeIgniter\CodeIgniter->run()
15 SYSTEMPATH/Boot.php(67): CodeIgniter\Boot::runCodeIgniter(Object(CodeIgniter\CodeIgniter))
16 FCPATH/index.php(56): CodeIgniter\Boot::bootWeb(Object(Config\Paths))
CRITICAL - 2024-10-29 15:12:13 --> Error: Object of class stdClass could not be converted to string
[Method: GET, Route: signup]
in APPPATH/Views/user/signup.php on line 24.
 1 SYSTEMPATH/View/View.php(234): include()
 2 SYSTEMPATH/View/View.php(237): CodeIgniter\View\View->CodeIgniter\View\{closure}()
 3 SYSTEMPATH/Common.php(1171): CodeIgniter\View\View->render('user/signup', [], true)
 4 APPPATH/Controllers/User.php(25): view('user/signup', [...])
 5 SYSTEMPATH/CodeIgniter.php(933): App\Controllers\User->signup()
 6 SYSTEMPATH/CodeIgniter.php(509): CodeIgniter\CodeIgniter->runController(Object(App\Controllers\User))
 7 SYSTEMPATH/CodeIgniter.php(355): CodeIgniter\CodeIgniter->handleRequest(null, Object(Config\Cache), false)
 8 SYSTEMPATH/Boot.php(325): CodeIgniter\CodeIgniter->run()
 9 SYSTEMPATH/Boot.php(67): CodeIgniter\Boot::runCodeIgniter(Object(CodeIgniter\CodeIgniter))
10 FCPATH/index.php(56): CodeIgniter\Boot::bootWeb(Object(Config\Paths))
